[INFO  - 2019-10-17T15:38:23.919Z] GhostDriver - Main - running on port 54084
[INFO  - 2019-10-17T15:38:24.289Z] Session [27da86b0-f0f4-11e9-b804-97e927c5a7b3] - page.settings - {"XSSAuditingEnabled":false,"javascriptCanCloseWindows":true,"javascriptCanOpenWindows":true,"javascriptEnabled":true,"loadImages":true,"localToRemoteUrlAccessEnabled":false,"userAgent":"Mozilla/5.0 (Windows NT 6.1; WOW64) AppleWebKit/538.1 (KHTML, like Gecko) PhantomJS/2.1.1 Safari/538.1","webSecurityEnabled":true}
[INFO  - 2019-10-17T15:38:24.289Z] Session [27da86b0-f0f4-11e9-b804-97e927c5a7b3] - page.customHeaders:  - {}
[INFO  - 2019-10-17T15:38:24.290Z] Session [27da86b0-f0f4-11e9-b804-97e927c5a7b3] - Session.negotiatedCapabilities - {"browserName":"phantomjs","version":"2.1.1","driverName":"ghostdriver","driverVersion":"1.2.0","platform":"windows-7-32bit","javascriptEnabled":true,"takesScreenshot":true,"handlesAlerts":false,"databaseEnabled":false,"locationContextEnabled":false,"applicationCacheEnabled":false,"browserConnectionEnabled":false,"cssSelectorsEnabled":true,"webStorageEnabled":false,"rotatable":false,"acceptSslCerts":false,"nativeEvents":true,"proxy":{"proxyType":"direct"}}
[INFO  - 2019-10-17T15:38:24.290Z] SessionManagerReqHand - _postNewSessionCommand - New Session Created: 27da86b0-f0f4-11e9-b804-97e927c5a7b3
[ERROR - 2019-10-17T15:38:35.893Z] Session [27da86b0-f0f4-11e9-b804-97e927c5a7b3] - page.onError - msg: Unhandled promise rejection [object Object]

  phantomjs://platform/console++.js:263 in error
[ERROR - 2019-10-17T15:38:35.893Z] Session [27da86b0-f0f4-11e9-b804-97e927c5a7b3] - page.onError - stack:
  (anonymous function) (https://s1.ljcdn.com/captcha-js-sdk/captcha.js:1)

  phantomjs://platform/console++.js:263 in error
[ERROR - 2019-10-17T15:39:10.974Z] Session [27da86b0-f0f4-11e9-b804-97e927c5a7b3] - page.onError - msg: Unhandled promise rejection [object Object]

  phantomjs://platform/console++.js:263 in error
[ERROR - 2019-10-17T15:39:10.974Z] Session [27da86b0-f0f4-11e9-b804-97e927c5a7b3] - page.onError - stack:
  (anonymous function) (https://s1.ljcdn.com/captcha-js-sdk/captcha.js:1)

  phantomjs://platform/console++.js:263 in error
[ERROR - 2019-10-17T15:39:47.000Z] Session [27da86b0-f0f4-11e9-b804-97e927c5a7b3] - page.onError - msg: Unhandled promise rejection [object Object]

  phantomjs://platform/console++.js:263 in error
[ERROR - 2019-10-17T15:39:47.001Z] Session [27da86b0-f0f4-11e9-b804-97e927c5a7b3] - page.onError - stack:
  (anonymous function) (https://s1.ljcdn.com/captcha-js-sdk/captcha.js:1)

  phantomjs://platform/console++.js:263 in error
